android/app/build/intermediates/manifest_merge_blame_file/debug/manifest-merger-blame-debug-report.txt
1<?xml version="1.0" encoding="utf-8"?>
2<manifest xmlns:android="http://schemas.android.com/apk/res/android"
3    package="com.example.lol_deliver"
4    android:versionCode="1"
5    android:versionName="1.0" >
6
7    <uses-sdk
8        android:minSdkVersion="26"
8-->src/main/AndroidManifest.xml
9        android:targetSdkVersion="32" />
9-->src/main/AndroidManifest.xml
10
11    <uses-permission android:name="android.permission.INTERNET" />
11-->src/main/AndroidManifest.xml:5:5-67
11-->src/main/AndroidManifest.xml:5:22-64
12    <uses-permission android:name="android.permission.ACCESS_NETWORK_STATE" />
12-->[com.google.firebase:firebase-auth:21.0.5] AndroidManifest.xml:24:5-79
12-->[com.google.firebase:firebase-auth:21.0.5] AndroidManifest.xml:24:22-76
13
14    <application
14-->src/main/AndroidManifest.xml:7:5-65:19
15        android:allowBackup="true"
15-->src/main/AndroidManifest.xml:8:9-35
16        android:appComponentFactory="androidx.core.app.CoreComponentFactory"
16-->[androidx.core:core:1.5.0] AndroidManifest.xml:24:18-86
17        android:debuggable="true"
18        android:extractNativeLibs="false"
19        android:icon="@mipmap/ic_launcher"
19-->src/main/AndroidManifest.xml:9:9-43
20        android:label="@string/app_name"
20-->src/main/AndroidManifest.xml:10:9-41
21        android:roundIcon="@mipmap/ic_launcher_round"
21-->src/main/AndroidManifest.xml:11:9-54
22        android:supportsRtl="true"
22-->src/main/AndroidManifest.xml:12:9-35
23        android:testOnly="true"
24        android:theme="@style/Theme.LOL_Deliver" >
24-->src/main/AndroidManifest.xml:13:9-49
25        <activity
25-->src/main/AndroidManifest.xml:14:9-16:40
26            android:name="com.example.lol_deliver.SKItems"
26-->src/main/AndroidManifest.xml:15:13-36
27            android:exported="false" />
27-->src/main/AndroidManifest.xml:16:13-37
28        <activity
28-->src/main/AndroidManifest.xml:17:9-19:40
29            android:name="com.example.lol_deliver.SKTurnover"
29-->src/main/AndroidManifest.xml:18:13-39
30            android:exported="false" />
30-->src/main/AndroidManifest.xml:19:13-37
31        <activity
31-->src/main/AndroidManifest.xml:20:9-22:40
32            android:name="com.example.lol_deliver.SKStatistics"
32-->src/main/AndroidManifest.xml:21:13-41
33            android:exported="false" />
33-->src/main/AndroidManifest.xml:22:13-37
34        <activity
34-->src/main/AndroidManifest.xml:23:9-25:40
35            android:name="com.example.lol_deliver.SKModifyMenu"
35-->src/main/AndroidManifest.xml:24:13-41
36            android:exported="false" />
36-->src/main/AndroidManifest.xml:25:13-37
37        <activity
37-->src/main/AndroidManifest.xml:26:9-28:40
38            android:name="com.example.lol_deliver.SKModifyInfo"
38-->src/main/AndroidManifest.xml:27:13-41
39            android:exported="false" />
39-->src/main/AndroidManifest.xml:28:13-37
40        <activity
40-->src/main/AndroidManifest.xml:29:9-31:40
41            android:name="com.example.lol_deliver.activity.ShopMenuActivity"
41-->src/main/AndroidManifest.xml:30:13-54
42            android:exported="false" />
42-->src/main/AndroidManifest.xml:31:13-37
43        <activity
43-->src/main/AndroidManifest.xml:32:9-34:40
44            android:name="com.example.lol_deliver.ShopkeeperHomepage"
44-->src/main/AndroidManifest.xml:33:13-47
45            android:exported="false" />
45-->src/main/AndroidManifest.xml:34:13-37
46        <activity
46-->src/main/AndroidManifest.xml:35:9-37:40
47            android:name="com.example.lol_deliver.activity.LoginActivity"
47-->src/main/AndroidManifest.xml:36:13-51
48            android:exported="false" />
48-->src/main/AndroidManifest.xml:37:13-37
49        <activity
49-->src/main/AndroidManifest.xml:38:9-40:40
50            android:name="com.example.lol_deliver.activity.CustomerBeginActivity"
50-->src/main/AndroidManifest.xml:39:13-59
51            android:exported="false" />
51-->src/main/AndroidManifest.xml:40:13-37
52        <activity
52-->src/main/AndroidManifest.xml:41:9-43:40
53            android:name="com.example.lol_deliver.activity.SideDishActivity"
53-->src/main/AndroidManifest.xml:42:13-54
54            android:exported="false" />
54-->src/main/AndroidManifest.xml:43:13-37
55        <activity
55-->src/main/AndroidManifest.xml:44:9-52:20
56            android:name="com.example.lol_deliver.activity.MainActivity"
56-->src/main/AndroidManifest.xml:45:13-50
57            android:exported="true" >
57-->src/main/AndroidManifest.xml:46:13-36
58            <intent-filter>
58-->src/main/AndroidManifest.xml:47:13-51:29
59                <action android:name="android.intent.action.MAIN" />
59-->src/main/AndroidManifest.xml:48:17-69
59-->src/main/AndroidManifest.xml:48:25-66
60
61                <category android:name="android.intent.category.LAUNCHER" />
61-->src/main/AndroidManifest.xml:50:17-77
61-->src/main/AndroidManifest.xml:50:27-74
62            </intent-filter>
63        </activity>
64        <activity
64-->src/main/AndroidManifest.xml:53:9-55:40
65            android:name="com.example.lol_deliver.activity.SignupActivity"
65-->src/main/AndroidManifest.xml:54:13-52
66            android:exported="false" />
66-->src/main/AndroidManifest.xml:55:13-37
67        <activity
67-->src/main/AndroidManifest.xml:56:9-58:40
68            android:name="com.example.lol_deliver.activity.SelectIdentityActivity"
68-->src/main/AndroidManifest.xml:57:13-60
69            android:exported="false" />
69-->src/main/AndroidManifest.xml:58:13-37
70        <activity
70-->src/main/AndroidManifest.xml:59:9-61:40
71            android:name="com.example.lol_deliver.activity.PersonaldataActivity"
71-->src/main/AndroidManifest.xml:60:13-58
72            android:exported="false" />
72-->src/main/AndroidManifest.xml:61:13-37
73        <activity
73-->src/main/AndroidManifest.xml:62:9-64:40
74            android:name="com.example.lol_deliver.activity.EditorActivity"
74-->src/main/AndroidManifest.xml:63:13-52
75            android:exported="false" />
75-->src/main/AndroidManifest.xml:64:13-37
76        <activity
76-->[com.google.firebase:firebase-auth:21.0.5] AndroidManifest.xml:27:9-44:20
77            android:name="com.google.firebase.auth.internal.GenericIdpActivity"
77-->[com.google.firebase:firebase-auth:21.0.5] AndroidManifest.xml:28:13-80
78            android:excludeFromRecents="true"
78-->[com.google.firebase:firebase-auth:21.0.5] AndroidManifest.xml:29:13-46
79            android:exported="true"
79-->[com.google.firebase:firebase-auth:21.0.5] AndroidManifest.xml:30:13-36
80            android:launchMode="singleTask"
80-->[com.google.firebase:firebase-auth:21.0.5] AndroidManifest.xml:31:13-44
81            android:theme="@android:style/Theme.Translucent.NoTitleBar" >
81-->[com.google.firebase:firebase-auth:21.0.5] AndroidManifest.xml:32:13-72
82            <intent-filter>
82-->[com.google.firebase:firebase-auth:21.0.5] AndroidManifest.xml:33:13-43:29
83                <action android:name="android.intent.action.VIEW" />
83-->[com.google.firebase:firebase-auth:21.0.5] AndroidManifest.xml:34:17-69
83-->[com.google.firebase:firebase-auth:21.0.5] AndroidManifest.xml:34:25-66
84
85                <category android:name="android.intent.category.DEFAULT" />
85-->[com.google.firebase:firebase-auth:21.0.5] AndroidManifest.xml:36:17-76
85-->[com.google.firebase:firebase-auth:21.0.5] AndroidManifest.xml:36:27-73
86                <category android:name="android.intent.category.BROWSABLE" />
86-->[com.google.firebase:firebase-auth:21.0.5] AndroidManifest.xml:37:17-78
86-->[com.google.firebase:firebase-auth:21.0.5] AndroidManifest.xml:37:27-75
87
88                <data
88-->[com.google.firebase:firebase-auth:21.0.5] AndroidManifest.xml:39:17-42:51
89                    android:host="firebase.auth"
89-->[com.google.firebase:firebase-auth:21.0.5] AndroidManifest.xml:40:21-49
90                    android:path="/"
90-->[com.google.firebase:firebase-auth:21.0.5] AndroidManifest.xml:41:21-37
91                    android:scheme="genericidp" />
91-->[com.google.firebase:firebase-auth:21.0.5] AndroidManifest.xml:42:21-48
92            </intent-filter>
93        </activity>
94        <activity
94-->[com.google.firebase:firebase-auth:21.0.5] AndroidManifest.xml:45:9-62:20
95            android:name="com.google.firebase.auth.internal.RecaptchaActivity"
95-->[com.google.firebase:firebase-auth:21.0.5] AndroidManifest.xml:46:13-79
96            android:excludeFromRecents="true"
96-->[com.google.firebase:firebase-auth:21.0.5] AndroidManifest.xml:47:13-46
97            android:exported="true"
97-->[com.google.firebase:firebase-auth:21.0.5] AndroidManifest.xml:48:13-36
98            android:launchMode="singleTask"
98-->[com.google.firebase:firebase-auth:21.0.5] AndroidManifest.xml:49:13-44
99            android:theme="@android:style/Theme.Translucent.NoTitleBar" >
99-->[com.google.firebase:firebase-auth:21.0.5] AndroidManifest.xml:50:13-72
100            <intent-filter>
100-->[com.google.firebase:firebase-auth:21.0.5] AndroidManifest.xml:51:13-61:29
101                <action android:name="android.intent.action.VIEW" />
101-->[com.google.firebase:firebase-auth:21.0.5] AndroidManifest.xml:34:17-69
101-->[com.google.firebase:firebase-auth:21.0.5] AndroidManifest.xml:34:25-66
102
103                <category android:name="android.intent.category.DEFAULT" />
103-->[com.google.firebase:firebase-auth:21.0.5] AndroidManifest.xml:36:17-76
103-->[com.google.firebase:firebase-auth:21.0.5] AndroidManifest.xml:36:27-73
104                <category android:name="android.intent.category.BROWSABLE" />
104-->[com.google.firebase:firebase-auth:21.0.5] AndroidManifest.xml:37:17-78
104-->[com.google.firebase:firebase-auth:21.0.5] AndroidManifest.xml:37:27-75
105
106                <data
106-->[com.google.firebase:firebase-auth:21.0.5] AndroidManifest.xml:39:17-42:51
107                    android:host="firebase.auth"
107-->[com.google.firebase:firebase-auth:21.0.5] AndroidManifest.xml:40:21-49
108                    android:path="/"
108-->[com.google.firebase:firebase-auth:21.0.5] AndroidManifest.xml:41:21-37
109                    android:scheme="recaptcha" />
109-->[com.google.firebase:firebase-auth:21.0.5] AndroidManifest.xml:42:21-48
110            </intent-filter>
111        </activity>
112
113        <service
113-->[com.google.firebase:firebase-auth:21.0.5] AndroidManifest.xml:64:9-70:19
114            android:name="com.google.firebase.components.ComponentDiscoveryService"
114-->[com.google.firebase:firebase-auth:21.0.5] AndroidManifest.xml:65:13-84
115            android:directBootAware="true"
115-->[com.google.firebase:firebase-common:20.1.1] AndroidManifest.xml:35:13-43
116            android:exported="false" >
116-->[com.google.firebase:firebase-auth:21.0.5] AndroidManifest.xml:66:13-37
117            <meta-data
117-->[com.google.firebase:firebase-auth:21.0.5] AndroidManifest.xml:67:13-69:85
118                android:name="com.google.firebase.components:com.google.firebase.auth.FirebaseAuthRegistrar"
118-->[com.google.firebase:firebase-auth:21.0.5] AndroidManifest.xml:68:17-109
119                android:value="com.google.firebase.components.ComponentRegistrar" />
119-->[com.google.firebase:firebase-auth:21.0.5] AndroidManifest.xml:69:17-82
120            <meta-data
120-->[com.google.firebase:firebase-database:20.0.5] AndroidManifest.xml:32:13-34:85
121                android:name="com.google.firebase.components:com.google.firebase.database.DatabaseRegistrar"
121-->[com.google.firebase:firebase-database:20.0.5] AndroidManifest.xml:33:17-109
122                android:value="com.google.firebase.components.ComponentRegistrar" />
122-->[com.google.firebase:firebase-database:20.0.5] AndroidManifest.xml:34:17-82
123        </service>
124
125        <provider
125-->[com.google.firebase:firebase-common:20.1.1] AndroidManifest.xml:26:9-31:39
126            android:name="com.google.firebase.provider.FirebaseInitProvider"
126-->[com.google.firebase:firebase-common:20.1.1] AndroidManifest.xml:27:13-77
127            android:authorities="com.example.lol_deliver.firebaseinitprovider"
127-->[com.google.firebase:firebase-common:20.1.1] AndroidManifest.xml:28:13-72
128            android:directBootAware="true"
128-->[com.google.firebase:firebase-common:20.1.1] AndroidManifest.xml:29:13-43
129            android:exported="false"
129-->[com.google.firebase:firebase-common:20.1.1] AndroidManifest.xml:30:13-37
130            android:initOrder="100" />
130-->[com.google.firebase:firebase-common:20.1.1] AndroidManifest.xml:31:13-36
131
132        <activity
132-->[com.google.android.gms:play-services-base:18.0.1] AndroidManifest.xml:20:9-22:45
133            android:name="com.google.android.gms.common.api.GoogleApiActivity"
133-->[com.google.android.gms:play-services-base:18.0.1] AndroidManifest.xml:20:19-85
134            android:exported="false"
134-->[com.google.android.gms:play-services-base:18.0.1] AndroidManifest.xml:22:19-43
135            android:theme="@android:style/Theme.Translucent.NoTitleBar" />
135-->[com.google.android.gms:play-services-base:18.0.1] AndroidManifest.xml:21:19-78
136
137        <meta-data
137-->[com.google.android.gms:play-services-basement:18.0.0] AndroidManifest.xml:21:9-23:69
138            android:name="com.google.android.gms.version"
138-->[com.google.android.gms:play-services-basement:18.0.0] AndroidManifest.xml:22:13-58
139            android:value="@integer/google_play_services_version" />
139-->[com.google.android.gms:play-services-basement:18.0.0] AndroidManifest.xml:23:13-66
140    </application>
141
142</manifest>